
  You can now view your Streamlit app in your browser.

  URL: http://0.0.0.0:8501

<string>:180: FutureWarning: Styler.applymap has been deprecated. Use Styler.map instead.
<string>:180: FutureWarning: Styler.applymap has been deprecated. Use Styler.map instead.
<string>:180: FutureWarning: Styler.applymap has been deprecated. Use Styler.map instead.
<string>:180: FutureWarning:

Styler.applymap has been deprecated. Use Styler.map instead.

<string>:180: FutureWarning:

Styler.applymap has been deprecated. Use Styler.map instead.

<string>:180: FutureWarning:

Styler.applymap has been deprecated. Use Styler.map instead.

<string>:180: FutureWarning:

Styler.applymap has been deprecated. Use Styler.map instead.

<string>:180: FutureWarning:

Styler.applymap has been deprecated. Use Styler.map instead.

<string>:180: FutureWarning:

Styler.applymap has been deprecated. Use Styler.map instead.

<string>:180: FutureWarning:

Styler.applymap has been deprecated. Use Styler.map instead.

<string>:180: FutureWarning:

Styler.applymap has been deprecated. Use Styler.map instead.

<string>:180: FutureWarning:

Styler.applymap has been deprecated. Use Styler.map instead.

<string>:180: FutureWarning:

Styler.applymap has been deprecated. Use Styler.map instead.

<string>:180: FutureWarning:

Styler.applymap has been deprecated. Use Styler.map instead.

<string>:180: FutureWarning:

Styler.applymap has been deprecated. Use Styler.map instead.

<string>:180: FutureWarning:

Styler.applymap has been deprecated. Use Styler.map instead.

<string>:180: FutureWarning:

Styler.applymap has been deprecated. Use Styler.map instead.

<string>:180: FutureWarning:

Styler.applymap has been deprecated. Use Styler.map instead.

<string>:180: FutureWarning:

Styler.applymap has been deprecated. Use Styler.map instead.

<string>:180: FutureWarning:

Styler.applymap has been deprecated. Use Styler.map instead.

<string>:180: FutureWarning:

Styler.applymap has been deprecated. Use Styler.map instead.

<string>:180: FutureWarning:

Styler.applymap has been deprecated. Use Styler.map instead.

<string>:180: FutureWarning:

Styler.applymap has been deprecated. Use Styler.map instead.

<string>:180: FutureWarning:

Styler.applymap has been deprecated. Use Styler.map instead.

<string>:180: FutureWarning:

Styler.applymap has been deprecated. Use Styler.map instead.

<string>:180: FutureWarning:

Styler.applymap has been deprecated. Use Styler.map instead.

<string>:180: FutureWarning:

Styler.applymap has been deprecated. Use Styler.map instead.

<string>:180: FutureWarning:

Styler.applymap has been deprecated. Use Styler.map instead.

<string>:180: FutureWarning:

Styler.applymap has been deprecated. Use Styler.map instead.

<string>:180: FutureWarning:

Styler.applymap has been deprecated. Use Styler.map instead.

<string>:180: FutureWarning:

Styler.applymap has been deprecated. Use Styler.map instead.

<string>:180: FutureWarning:

Styler.applymap has been deprecated. Use Styler.map instead.

<string>:180: FutureWarning:

Styler.applymap has been deprecated. Use Styler.map instead.

<string>:180: FutureWarning:

Styler.applymap has been deprecated. Use Styler.map instead.

<string>:180: FutureWarning:

Styler.applymap has been deprecated. Use Styler.map instead.

<string>:180: FutureWarning:

Styler.applymap has been deprecated. Use Styler.map instead.

<string>:180: FutureWarning:

Styler.applymap has been deprecated. Use Styler.map instead.

<string>:180: FutureWarning:

Styler.applymap has been deprecated. Use Styler.map instead.

<string>:180: FutureWarning:

Styler.applymap has been deprecated. Use Styler.map instead.

<string>:180: FutureWarning:

Styler.applymap has been deprecated. Use Styler.map instead.

<string>:180: FutureWarning:

Styler.applymap has been deprecated. Use Styler.map instead.

<string>:180: FutureWarning:

Styler.applymap has been deprecated. Use Styler.map instead.

<string>:180: FutureWarning:

Styler.applymap has been deprecated. Use Styler.map instead.

<string>:180: FutureWarning:

Styler.applymap has been deprecated. Use Styler.map instead.

<string>:180: FutureWarning:

Styler.applymap has been deprecated. Use Styler.map instead.

<string>:180: FutureWarning:

Styler.applymap has been deprecated. Use Styler.map instead.

<string>:180: FutureWarning:

Styler.applymap has been deprecated. Use Styler.map instead.

<string>:180: FutureWarning:

Styler.applymap has been deprecated. Use Styler.map instead.

<string>:180: FutureWarning:

Styler.applymap has been deprecated. Use Styler.map instead.

<string>:180: FutureWarning:

Styler.applymap has been deprecated. Use Styler.map instead.

<string>:180: FutureWarning:

Styler.applymap has been deprecated. Use Styler.map instead.

<string>:180: FutureWarning:

Styler.applymap has been deprecated. Use Styler.map instead.

2025-12-13 14:55:52.387 Uncaught app execution
Traceback (most recent call last):
  File "/home/bogrum/miniconda3/envs/dockspot/lib/python3.10/site-packages/streamlit/runtime/scriptrunner/exec_code.py", line 88, in exec_func_with_error_handling
    result = func()
  File "/home/bogrum/miniconda3/envs/dockspot/lib/python3.10/site-packages/streamlit/runtime/scriptrunner/script_runner.py", line 579, in code_to_exec
    exec(code, module.__dict__)
  File "/home/bogrum/workspace/my_projects/PocketHunter-Suite/main.py", line 258, in <module>
    exec(code)
  File "<string>", line 94, in <module>
NameError: name 'search_job_id' is not defined
2025-12-13 14:56:19.197 Uncaught app execution
Traceback (most recent call last):
  File "/home/bogrum/miniconda3/envs/dockspot/lib/python3.10/site-packages/streamlit/runtime/scriptrunner/exec_code.py", line 88, in exec_func_with_error_handling
    result = func()
  File "/home/bogrum/miniconda3/envs/dockspot/lib/python3.10/site-packages/streamlit/runtime/scriptrunner/script_runner.py", line 579, in code_to_exec
    exec(code, module.__dict__)
  File "/home/bogrum/workspace/my_projects/PocketHunter-Suite/main.py", line 258, in <module>
    exec(code)
  File "<string>", line 94, in <module>
NameError: name 'search_job_id' is not defined
2025-12-13 15:09:50.255 Uncaught app execution
Traceback (most recent call last):
  File "/home/bogrum/miniconda3/envs/dockspot/lib/python3.10/site-packages/streamlit/runtime/scriptrunner/exec_code.py", line 88, in exec_func_with_error_handling
    result = func()
  File "/home/bogrum/miniconda3/envs/dockspot/lib/python3.10/site-packages/streamlit/runtime/scriptrunner/script_runner.py", line 579, in code_to_exec
    exec(code, module.__dict__)
  File "/home/bogrum/workspace/my_projects/PocketHunter-Suite/main.py", line 315, in <module>
    'timedelta': timedelta,
NameError: name 'timedelta' is not defined
2025-12-13 15:09:52.975 Uncaught app execution
Traceback (most recent call last):
  File "/home/bogrum/miniconda3/envs/dockspot/lib/python3.10/site-packages/streamlit/runtime/scriptrunner/exec_code.py", line 88, in exec_func_with_error_handling
    result = func()
  File "/home/bogrum/miniconda3/envs/dockspot/lib/python3.10/site-packages/streamlit/runtime/scriptrunner/script_runner.py", line 579, in code_to_exec
    exec(code, module.__dict__)
  File "/home/bogrum/workspace/my_projects/PocketHunter-Suite/main.py", line 315, in <module>
    'timedelta': timedelta,
NameError: name 'timedelta' is not defined
<string>:180: FutureWarning:

Styler.applymap has been deprecated. Use Styler.map instead.

<string>:180: FutureWarning:

Styler.applymap has been deprecated. Use Styler.map instead.

<string>:248: FutureWarning:

Styler.applymap has been deprecated. Use Styler.map instead.

<string>:248: FutureWarning:

Styler.applymap has been deprecated. Use Styler.map instead.

<string>:248: FutureWarning:

Styler.applymap has been deprecated. Use Styler.map instead.

<string>:248: FutureWarning:

Styler.applymap has been deprecated. Use Styler.map instead.

<string>:248: FutureWarning:

Styler.applymap has been deprecated. Use Styler.map instead.

<string>:248: FutureWarning:

Styler.applymap has been deprecated. Use Styler.map instead.

<string>:248: FutureWarning:

Styler.applymap has been deprecated. Use Styler.map instead.

<string>:248: FutureWarning:

Styler.applymap has been deprecated. Use Styler.map instead.

